Arguments: 
  D:\nodejs\node.exe D:\nodejs\node_global\node_modules\yarn\bin\yarn.js add webp_wcyui

PATH: 
  D:\python\Scripts\;D:\python\;C:\Windows\system32;C:\Windows;C:\Windows\System32\Wbem;C:\Windows\System32\WindowsPowerShell\v1.0\;C:\Program Files (x86)\Intel\OpenCL SDK\2.0\bin\x86;C:\Program Files (x86)\Intel\OpenCL SDK\2.0\bin\x64;D:\Program Files\Java\jdk1.8.0_121\bin;D:\Program Files\Java\jdk1.8.0_121\jre\bin;D:\Program Files\MySQL\MySQL Server 5.5\bin;D:\useTools\apache-maven-3.3.3\bin;D:\Program Files\MongoDB\Server\3.0\bin;D:\Program Files\TortoiseSVN\bin;D:\useTools\gradle-4.10-bin\gradle-4.10\bin;D:\useTools\gradle-4.10-bin\gradle-4.10\bin;D:\Program Files\Microsoft VS Code\bin;C:\Oracle\Ora81\bin;C:\Program Files (x86)\NVIDIA Corporation\PhysX\Common;D:\nodejs\;D:\nodejs\node_global\;D:\Program Files\Git\cmd;C:\Program Files\TortoiseGit\bin;C:\Users\Administrator\AppData\Local\Android\Sdk\platform-tools;C:\Users\Administrator\AppData\Local\Android\Sdk\tools;C:\Users\Administrator\AppData\Local\Android\Sdk\emulator;C:\Users\Administrator\AppData\Local\Android\Sdk\tools\bin;D:\Program Files\Microsoft VS Code\bin;C:\Users\Administrator\AppData\Roaming\npm;D:\nodejs\node_global\node_modules\@vue\cli-init\node_modules\.bin;D:\Users\Administrator\AppData\Local\Programs\Fiddler

Yarn version: 
  1.22.4

Node version: 
  12.18.2

Platform: 
  win32 x64

Trace: 
  Error: https://registry.npmjs.org/webp_wcyui: Not found
      at Request.params.callback [as _callback] (D:\nodejs\node_global\node_modules\yarn\lib\cli.js:66987:18)
      at Request.self.callback (D:\nodejs\node_global\node_modules\yarn\lib\cli.js:140748:22)
      at Request.emit (events.js:315:20)
      at Request.<anonymous> (D:\nodejs\node_global\node_modules\yarn\lib\cli.js:141720:10)
      at Request.emit (events.js:315:20)
      at IncomingMessage.<anonymous> (D:\nodejs\node_global\node_modules\yarn\lib\cli.js:141642:12)
      at Object.onceWrapper (events.js:421:28)
      at IncomingMessage.emit (events.js:327:22)
      at endReadableNT (_stream_readable.js:1221:12)
      at processTicksAndRejections (internal/process/task_queues.js:84:21)

npm manifest: 
  No manifest

yarn manifest: 
  No manifest

Lockfile: 
  No lockfile
